c:\p4\personal\sd\starship\temporary\starship_x64_debug\vc143.pdb
c:\p4\personal\sd\starship\temporary\starship_x64_debug\vc143.idb
c:\p4\personal\sd\starship\temporary\starship_x64_debug\wasp.obj
c:\p4\personal\sd\starship\temporary\starship_x64_debug\playership.obj
c:\p4\personal\sd\starship\temporary\starship_x64_debug\main_windows.obj
c:\p4\personal\sd\starship\temporary\starship_x64_debug\gamecommon.obj
c:\p4\personal\sd\starship\temporary\starship_x64_debug\game.obj
c:\p4\personal\sd\starship\temporary\starship_x64_debug\entity.obj
c:\p4\personal\sd\starship\temporary\starship_x64_debug\debris.obj
c:\p4\personal\sd\starship\temporary\starship_x64_debug\bullet.obj
c:\p4\personal\sd\starship\temporary\starship_x64_debug\beetle.obj
c:\p4\personal\sd\starship\temporary\starship_x64_debug\asteroid.obj
c:\p4\personal\sd\starship\temporary\starship_x64_debug\app.obj
c:\p4\personal\sd\starship\temporary\starship_x64_debug\starship_debug_x64.exe
c:\p4\personal\sd\starship\temporary\starship_x64_debug\starship_debug_x64.pdb
c:\p4\personal\sd\starship\temporary\starship_x64_debug\starship_debug_x64.ilk
c:\p4\personal\sd\starship\temporary\starship_x64_debug\game.vcxproj.filelistabsolute.txt
c:\p4\personal\sd\starship\temporary\starship_x64_debug\starship.tlog\cl.command.1.tlog
c:\p4\personal\sd\starship\temporary\starship_x64_debug\starship.tlog\cl.items.tlog
c:\p4\personal\sd\starship\temporary\starship_x64_debug\starship.tlog\cl.read.1.tlog
c:\p4\personal\sd\starship\temporary\starship_x64_debug\starship.tlog\cl.write.1.tlog
c:\p4\personal\sd\starship\temporary\starship_x64_debug\starship.tlog\link.command.1.tlog
c:\p4\personal\sd\starship\temporary\starship_x64_debug\starship.tlog\link.read.1.tlog
c:\p4\personal\sd\starship\temporary\starship_x64_debug\starship.tlog\link.secondary.1.tlog
c:\p4\personal\sd\starship\temporary\starship_x64_debug\starship.tlog\link.write.1.tlog
