c:\p4\personal\sd\starship\temporary\engine_x64_debug\engine.pdb
c:\p4\personal\sd\starship\temporary\engine_x64_debug\engine.idb
c:\p4\personal\sd\starship\temporary\engine_x64_debug\xmlutils.obj
c:\p4\personal\sd\starship\temporary\engine_x64_debug\vertexutils.obj
c:\p4\personal\sd\starship\temporary\engine_x64_debug\time.obj
c:\p4\personal\sd\starship\temporary\engine_x64_debug\stringutils.obj
c:\p4\personal\sd\starship\temporary\engine_x64_debug\namedstrings.obj
c:\p4\personal\sd\starship\temporary\engine_x64_debug\image.obj
c:\p4\personal\sd\starship\temporary\engine_x64_debug\tileheatmap.obj
c:\p4\personal\sd\starship\temporary\engine_x64_debug\fileutils.obj
c:\p4\personal\sd\starship\temporary\engine_x64_debug\eventsystem.obj
c:\p4\personal\sd\starship\temporary\engine_x64_debug\errorwarningassert.obj
c:\p4\personal\sd\starship\temporary\engine_x64_debug\enginecommon.obj
c:\p4\personal\sd\starship\temporary\engine_x64_debug\devconsole.obj
c:\p4\personal\sd\starship\temporary\engine_x64_debug\audiosystem.obj
c:\p4\personal\sd\starship\temporary\engine_x64_debug\tinyxml2.obj
c:\p4\personal\sd\starship\temporary\engine_x64_debug\renderer.obj
c:\p4\personal\sd\starship\temporary\engine_x64_debug\camera.obj
c:\p4\personal\sd\starship\temporary\engine_x64_debug\vec3.obj
c:\p4\personal\sd\starship\temporary\engine_x64_debug\vec2.obj
c:\p4\personal\sd\starship\temporary\engine_x64_debug\vertex_pcu.obj
c:\p4\personal\sd\starship\temporary\engine_x64_debug\rgba8.obj
c:\p4\personal\sd\starship\temporary\engine_x64_debug\spriteanimdefinition.obj
c:\p4\personal\sd\starship\temporary\engine_x64_debug\shader.obj
c:\p4\personal\sd\starship\temporary\engine_x64_debug\constantbuffer.obj
c:\p4\personal\sd\starship\temporary\engine_x64_debug\bitmapfont.obj
c:\p4\personal\sd\starship\temporary\engine_x64_debug\vec4.obj
c:\p4\personal\sd\starship\temporary\engine_x64_debug\randomnumbergenerator.obj
c:\p4\personal\sd\starship\temporary\engine_x64_debug\obb2.obj
c:\p4\personal\sd\starship\temporary\engine_x64_debug\mathutils.obj
c:\p4\personal\sd\starship\temporary\engine_x64_debug\mat44.obj
c:\p4\personal\sd\starship\temporary\engine_x64_debug\linesegment2.obj
c:\p4\personal\sd\starship\temporary\engine_x64_debug\intvec2.obj
c:\p4\personal\sd\starship\temporary\engine_x64_debug\intrange.obj
c:\p4\personal\sd\starship\temporary\engine_x64_debug\floatrange.obj
c:\p4\personal\sd\starship\temporary\engine_x64_debug\eulerangles.obj
c:\p4\personal\sd\starship\temporary\engine_x64_debug\capsule2.obj
c:\p4\personal\sd\starship\temporary\engine_x64_debug\aabb2.obj
c:\p4\personal\sd\starship\temporary\engine_x64_debug\xboxcontroller.obj
c:\p4\personal\sd\starship\temporary\engine_x64_debug\keybuttonstate.obj
c:\p4\personal\sd\starship\temporary\engine_x64_debug\inputsystem.obj
c:\p4\personal\sd\starship\temporary\engine_x64_debug\analogjoystic.obj
c:\p4\personal\sd\starship\temporary\engine_x64_debug\window.obj
c:\p4\personal\sd\starship\temporary\engine_x64_debug\vertexbuffer.obj
c:\p4\personal\sd\starship\temporary\engine_x64_debug\texture.obj
c:\p4\personal\sd\starship\temporary\engine_x64_debug\spritesheet.obj
c:\p4\personal\sd\starship\temporary\engine_x64_debug\spritedefinition.obj
c:\p4\personal\sd\starship\temporary\engine_x64_debug\engine.lib
c:\p4\personal\sd\starship\temporary\engine_x64_debug\engine.vcxproj.filelistabsolute.txt
c:\p4\personal\sd\starship\temporary\engine_x64_debug\engine.tlog\cl.command.1.tlog
c:\p4\personal\sd\starship\temporary\engine_x64_debug\engine.tlog\cl.items.tlog
c:\p4\personal\sd\starship\temporary\engine_x64_debug\engine.tlog\cl.read.1.tlog
c:\p4\personal\sd\starship\temporary\engine_x64_debug\engine.tlog\cl.write.1.tlog
c:\p4\personal\sd\starship\temporary\engine_x64_debug\engine.tlog\lib-link.read.1.tlog
c:\p4\personal\sd\starship\temporary\engine_x64_debug\engine.tlog\lib-link.write.1.tlog
c:\p4\personal\sd\starship\temporary\engine_x64_debug\engine.tlog\lib.command.1.tlog
